============================= test session starts ==============================
platform linux -- Python 3.11.16, pytest-9.1.1, pluggy-1.6.0 -- /usr/local/bin/python3.11
cachedir: .pytest_cache
rootdir: /app
plugins: anyio-4.14.2
collecting ... collected 9 items

tests/test_api.py::test_create_tender PASSED                             [ 11%]
tests/test_api.py::test_get_tender PASSED                                [ 22%]
tests/test_api.py::test_get_tender_not_found PASSED                      [ 33%]
tests/test_api.py::test_update_status_draft_to_active PASSED             [ 44%]
tests/test_api.py::test_update_status_active_to_won PASSED               [ 55%]
tests/test_api.py::test_update_status_invalid_transition PASSED          [ 66%]
tests/test_api.py::test_get_history PASSED                               [ 77%]
tests/test_api.py::test_get_history_tender_not_found PASSED              [ 88%]
tests/test_api.py::test_update_status_tender_not_found PASSED            [100%]

=============================== warnings summary ===============================
../usr/local/lib/python3.11/site-packages/fastapi/testclient.py:1
  /usr/local/lib/python3.11/site-packages/fastapi/testclient.py:1: StarletteDeprecationWarning: Using `httpx` with `starlette.testclient` is deprecated; install `httpx2` instead.
    from starlette.testclient import TestClient as TestClient  # noqa

app/config.py:5
  /app/app/config.py:5: PydanticDeprecatedSince20: Support for class-based `config` is deprecated, use ConfigDict instead. Deprecated in Pydantic V2.0 to be removed in V3.0. See Pydantic V2 Migration Guide at https://errors.pydantic.dev/2.13/migration/
    class Settings(BaseSettings):

app/schemas.py:24
  /app/app/schemas.py:24: PydanticDeprecatedSince20: Support for class-based `config` is deprecated, use ConfigDict instead. Deprecated in Pydantic V2.0 to be removed in V3.0. See Pydantic V2 Migration Guide at https://errors.pydantic.dev/2.13/migration/
    class TenderResponse(BaseModel):

app/schemas.py:41
  /app/app/schemas.py:41: PydanticDeprecatedSince20: Support for class-based `config` is deprecated, use ConfigDict instead. Deprecated in Pydantic V2.0 to be removed in V3.0. See Pydantic V2 Migration Guide at https://errors.pydantic.dev/2.13/migration/
    class HistoryResponse(BaseModel):

-- Docs: https://docs.pytest.org/en/stable/how-to/capture-warnings.html
======================== 9 passed, 4 warnings in 0.46s =========================
